0 info it worked if it ends with ok
1 verbose cli [ 'C:\\Program Files\\nodejs\\\\node.exe',
1 verbose cli   'C:\\Program Files\\nodejs\\node_modules\\npm\\bin\\npm-cli.js',
1 verbose cli   'publish' ]
2 info using npm@1.4.28
3 info using node@v0.10.33
4 verbose node symlink C:\Program Files\nodejs\\node.exe
5 verbose publish [ '.' ]
6 verbose cache add [ '.', null ]
7 verbose cache add name=undefined spec="." args=[".",null]
8 verbose parsed url { protocol: null,
8 verbose parsed url   slashes: null,
8 verbose parsed url   auth: null,
8 verbose parsed url   host: null,
8 verbose parsed url   port: null,
8 verbose parsed url   hostname: null,
8 verbose parsed url   hash: null,
8 verbose parsed url   search: null,
8 verbose parsed url   query: null,
8 verbose parsed url   pathname: '.',
8 verbose parsed url   path: '.',
8 verbose parsed url   href: '.' }
9 silly lockFile 3a52ce78- .
10 verbose lock . C:\Users\cutsi_000\AppData\Roaming\npm-cache\3a52ce78-.lock
11 verbose tar pack [ 'C:\\Users\\cutsi_000\\AppData\\Roaming\\npm-cache\\express-ua\\0.0.1\\package.tgz',
11 verbose tar pack   '.' ]
12 verbose tarball C:\Users\cutsi_000\AppData\Roaming\npm-cache\express-ua\0.0.1\package.tgz
13 verbose folder .
14 info prepublish express-ua@0.0.1
15 silly lockFile 1f1177db-tar tar://.
16 verbose lock tar://. C:\Users\cutsi_000\AppData\Roaming\npm-cache\1f1177db-tar.lock
17 silly lockFile 2e5350dd-che-express-ua-0-0-1-package-tgz tar://C:\Users\cutsi_000\AppData\Roaming\npm-cache\express-ua\0.0.1\package.tgz
18 verbose lock tar://C:\Users\cutsi_000\AppData\Roaming\npm-cache\express-ua\0.0.1\package.tgz C:\Users\cutsi_000\AppData\Roaming\npm-cache\2e5350dd-che-express-ua-0-0-1-package-tgz.lock
19 silly lockFile 1f1177db-tar tar://.
20 silly lockFile 1f1177db-tar tar://.
21 silly lockFile 2e5350dd-che-express-ua-0-0-1-package-tgz tar://C:\Users\cutsi_000\AppData\Roaming\npm-cache\express-ua\0.0.1\package.tgz
22 silly lockFile 2e5350dd-che-express-ua-0-0-1-package-tgz tar://C:\Users\cutsi_000\AppData\Roaming\npm-cache\express-ua\0.0.1\package.tgz
23 silly lockFile bfafcc5a-m-cache-express-ua-0-0-1-package C:\Users\cutsi_000\AppData\Roaming\npm-cache\express-ua\0.0.1\package
24 verbose lock C:\Users\cutsi_000\AppData\Roaming\npm-cache\express-ua\0.0.1\package C:\Users\cutsi_000\AppData\Roaming\npm-cache\bfafcc5a-m-cache-express-ua-0-0-1-package.lock
25 silly lockFile bfafcc5a-m-cache-express-ua-0-0-1-package C:\Users\cutsi_000\AppData\Roaming\npm-cache\express-ua\0.0.1\package
26 silly lockFile bfafcc5a-m-cache-express-ua-0-0-1-package C:\Users\cutsi_000\AppData\Roaming\npm-cache\express-ua\0.0.1\package
27 silly lockFile 3a52ce78- .
28 silly lockFile 3a52ce78- .
29 silly publish { name: 'express-ua',
29 silly publish   version: '0.0.1',
29 silly publish   description: 'Middleware for Express, print YUI style userAgent info on html & req.ua, classify browser type by modern/mobile/obsolete',
29 silly publish   main: 'index.js',
29 silly publish   scripts: { test: 'node test' },
29 silly publish   keywords: [ 'express', 'useragent', 'ua' ],
29 silly publish   dependencies: { accepts: '~1.1.3', useragent: '~2.1.1' },
29 silly publish   devDependencies: { async: '*' },
29 silly publish   repository: { type: 'git', url: 'https://github.com/cutsin/express-ua' },
29 silly publish   author: { name: 'Cutsin', email: 'cutsin@gmail.com' },
29 silly publish   license: 'MIT',
29 silly publish   bugs: { url: 'https://github.com/cutsin/express-ua/issues' },
29 silly publish   homepage: 'https://github.com/cutsin/express-ua',
29 silly publish   readme: '# optional-tags\r\n\r\n[![NPM Version][npm-image]][npm-url]\r\n[![NPM Downloads][downloads-image]][downloads-url]\r\n[![Build Status][travis-image]][travis-url]\r\n[![Test Coverage][coveralls-image]][coveralls-url]\r\n\r\n## Exports optional html tags with some levels, Constrainted by [w3.org#optional-tags](http://www.w3.org/html/wg/drafts/html/master/syntax.html#optional-tags).\r\n\r\nFor some reason, we can omit element\'s start tag or end tag like this (comply with a standard):\r\n\r\n```html\r\n<!doctype html><html lang="en"><link><base><body><ul><li>say hi<p>it\'s all we need</ul>\r\n```\r\n\r\n## Why omit the tags? (unfinished drafts):\r\n- Optimize transfer: \r\n- Improve performance: \r\n- Make easier to handle [white-space processing model](http://www.w3.org/TR/2013/WD-css-text-3-20131010/#white-space-rules)\r\n- Doesn\'t affect the performance of the browser\r\n\r\n## Example\r\n\r\n```js\r\nvar optionalTags = require(\'optional-tags\')\r\n\r\n// recommend\r\nvar safeTags = optionalTags(true) // or \'safe\', or undefined\r\nconsole.log( \'safe start tags: \', safeTags.starts.join(\', \') )\r\nconsole.log( \'safe end tags: \', safeTags.join(\', \') )\r\n\r\n// recommend, but make sure you don\'t use any comments or space character\r\nvar radicalTags = optionalTags(\'radical\')\r\nconsole.log( \'radical start tags: \', radicalTags.starts.join(\', \') )\r\nconsole.log( \'radical end tags: \', radicalTags.ends.join(\', \') )\r\n```\r\n\r\n## License\r\n\r\n[MIT](LICENSE)\r\n\r\n[npm-image]: https://img.shields.io/npm/v/optional-tags.svg?style=flat\r\n[npm-url]: https://npmjs.org/package/optional-tags\r\n[travis-image]: https://travis-ci.org/cutsin/optional-tags.svg\r\n[travis-url]: https://travis-ci.org/cutsin/optional-tags\r\n[coveralls-image]: https://img.shields.io/coveralls/cutsin/optional-tags.svg?style=flat\r\n[coveralls-url]: https://coveralls.io/r/cutsin/optional-tags\r\n[downloads-image]: https://img.shields.io/npm/dm/optional-tags.svg?style=flat\r\n[downloads-url]: https://npmjs.org/package/optional-tags\r\n',
29 silly publish   readmeFilename: 'README.md',
29 silly publish   _id: 'express-ua@0.0.1',
29 silly publish   _shasum: 'e6c59d992c947dd218e98c00cee14e67c6ffdfcb',
29 silly publish   _from: '.' }
30 error need auth auth and email required for publishing
30 error need auth You need to authorize this machine using `npm adduser`
31 error System Windows_NT 6.2.9200
32 error command "C:\\Program Files\\nodejs\\\\node.exe" "C:\\Program Files\\nodejs\\node_modules\\npm\\bin\\npm-cli.js" "publish"
33 error cwd C:\git\express-ua
34 error node -v v0.10.33
35 error npm -v 1.4.28
36 error code ENEEDAUTH
37 verbose exit [ 1, true ]
